<?xml version="1.0" encoding="UTF-8"?>
<testsuite name="BankMaintainerTest" tests="1" skipped="0" failures="0" errors="0" timestamp="2022-10-07T00:22:23" hostname="Alans-MBP.home" time="0.015">
  <properties/>
  <testcase name="shouldFindTheAccountAndReturnTheBalance()" classname="BankMaintainerTest" time="0.015"/>
  <system-out><![CDATA[]]></system-out>
  <system-err><![CDATA[]]></system-err>
</testsuite>
